<?xml version="1.0" encoding="UTF-8"?>
<!-- Generated by org.testng.reporters.JUnitReportReporter -->
<testsuite hostname="DESKTOP-QNTD8CV" failures="0" tests="1" name="Selenium.duplicatedata" time="33.259" errors="0" timestamp="2022-04-06T13:46:04 IST" skipped="0">
  <testcase classname="Selenium.duplicatedata" name="testcase1" time="33.259"/>
  <system-out/>
</testsuite> <!-- Selenium.duplicatedata -->
