<?xml version="1.0" encoding="UTF-8"?>
<!-- Generated by org.testng.reporters.JUnitReportReporter -->
<testsuite hostname="DESKTOP-QNTD8CV" failures="0" tests="1" name="Selenium.practice_test" time="5.720" errors="0" timestamp="2022-04-02T14:52:35 IST" skipped="0">
  <testcase classname="Selenium.practice_test" name="testcase1" time="5.720"/>
  <system-out/>
</testsuite> <!-- Selenium.practice_test -->
