<?xml version="1.0" encoding="UTF-8"?>
<!-- Generated by org.testng.reporters.JUnitReportReporter -->
<testsuite hostname="DESKTOP-QNTD8CV" failures="0" tests="1" name="Selenium.Datamultiple" time="25.860" errors="0" timestamp="2022-04-06T13:44:51 IST" skipped="0">
  <testcase classname="Selenium.Datamultiple" name="testcase1" time="25.860"/>
  <system-out/>
</testsuite> <!-- Selenium.Datamultiple -->
